[12-May-2025 12:07:11 UTC] PHP Fatal error:  Uncaught ArgumentCountError: 3 arguments are required, 2 given in /home/burak/Local Sites/test/app/public/wp-admin/includes/class-bulk-upgrader-skin.php:208
Stack trace:
#0 /home/burak/Local Sites/test/app/public/wp-admin/includes/class-bulk-upgrader-skin.php(208): sprintf('%1$s installed ...', 'Contact Form 7')
#1 /home/burak/Local Sites/test/app/public/wp-content/themes/supermarket/inc/tgm/class-tgm-plugin-activation.php(3553): Bulk_Upgrader_Skin->after('Contact Form 7')
#2 /home/burak/Local Sites/test/app/public/wp-admin/includes/class-wp-upgrader.php(948): TGMPA_Bulk_Installer_Skin->after()
#3 /home/burak/Local Sites/test/app/public/wp-content/themes/supermarket/inc/tgm/class-tgm-plugin-activation.php(3173): WP_Upgrader->run(Array)
#4 /home/burak/Local Sites/test/app/public/wp-content/themes/supermarket/inc/tgm/class-tgm-plugin-activation.php(3278): TGMPA_Bulk_Installer->run(Array)
#5 /home/burak/Local Sites/test/app/public/wp-content/themes/supermarket/inc/tgm/class-tgm-plugin-activation.php(2892): TGMPA_Bulk_Installer->bulk_install(Array)
#6 /home/burak/Local Sites/test/app/public/wp-content/themes/supermarket/inc/tgm/class-tgm-plugin-activation.php(658): TGMPA_List_Table->process_bulk_actions()
#7 /home/burak/Local Sites/test/app/public/wp-includes/class-wp-hook.php(324): TGM_Plugin_Activation->install_plugins_page('')
#8 /home/burak/Local Sites/test/app/public/wp-includes/class-wp-hook.php(348): WP_Hook->apply_filters('', Array)
#9 /home/burak/Local Sites/test/app/public/wp-includes/plugin.php(517): WP_Hook->do_action(Array)
#10 /home/burak/Local Sites/test/app/public/wp-admin/admin.php(260): do_action('appearance_page...')
#11 /home/burak/Local Sites/test/app/public/wp-admin/themes.php(10): require_once('/home/burak/Loc...')
#12 {main}
  thrown in /home/burak/Local Sites/test/app/public/wp-admin/includes/class-bulk-upgrader-skin.php on line 208
[12-May-2025 12:07:36 UTC] PHP Fatal error:  Uncaught ArgumentCountError: 3 arguments are required, 2 given in /home/burak/Local Sites/test/app/public/wp-admin/includes/class-bulk-upgrader-skin.php:208
Stack trace:
#0 /home/burak/Local Sites/test/app/public/wp-admin/includes/class-bulk-upgrader-skin.php(208): sprintf('%1$s installed ...', 'Max Mega Menu')
#1 /home/burak/Local Sites/test/app/public/wp-content/themes/supermarket/inc/tgm/class-tgm-plugin-activation.php(3553): Bulk_Upgrader_Skin->after('Max Mega Menu')
#2 /home/burak/Local Sites/test/app/public/wp-admin/includes/class-wp-upgrader.php(948): TGMPA_Bulk_Installer_Skin->after()
#3 /home/burak/Local Sites/test/app/public/wp-content/themes/supermarket/inc/tgm/class-tgm-plugin-activation.php(3173): WP_Upgrader->run(Array)
#4 /home/burak/Local Sites/test/app/public/wp-content/themes/supermarket/inc/tgm/class-tgm-plugin-activation.php(3278): TGMPA_Bulk_Installer->run(Array)
#5 /home/burak/Local Sites/test/app/public/wp-content/themes/supermarket/inc/tgm/class-tgm-plugin-activation.php(2892): TGMPA_Bulk_Installer->bulk_install(Array)
#6 /home/burak/Local Sites/test/app/public/wp-content/themes/supermarket/inc/tgm/class-tgm-plugin-activation.php(658): TGMPA_List_Table->process_bulk_actions()
#7 /home/burak/Local Sites/test/app/public/wp-includes/class-wp-hook.php(324): TGM_Plugin_Activation->install_plugins_page('')
#8 /home/burak/Local Sites/test/app/public/wp-includes/class-wp-hook.php(348): WP_Hook->apply_filters('', Array)
#9 /home/burak/Local Sites/test/app/public/wp-includes/plugin.php(517): WP_Hook->do_action(Array)
#10 /home/burak/Local Sites/test/app/public/wp-admin/admin.php(260): do_action('appearance_page...')
#11 /home/burak/Local Sites/test/app/public/wp-admin/themes.php(10): require_once('/home/burak/Loc...')
#12 {main}
  thrown in /home/burak/Local Sites/test/app/public/wp-admin/includes/class-bulk-upgrader-skin.php on line 208
[12-May-2025 12:07:48 UTC] PHP Fatal error:  Uncaught ArgumentCountError: 3 arguments are required, 2 given in /home/burak/Local Sites/test/app/public/wp-admin/includes/class-bulk-upgrader-skin.php:208
Stack trace:
#0 /home/burak/Local Sites/test/app/public/wp-admin/includes/class-bulk-upgrader-skin.php(208): sprintf('%1$s installed ...', 'WooCommerce')
#1 /home/burak/Local Sites/test/app/public/wp-content/themes/supermarket/inc/tgm/class-tgm-plugin-activation.php(3553): Bulk_Upgrader_Skin->after('WooCommerce')
#2 /home/burak/Local Sites/test/app/public/wp-admin/includes/class-wp-upgrader.php(948): TGMPA_Bulk_Installer_Skin->after()
#3 /home/burak/Local Sites/test/app/public/wp-content/themes/supermarket/inc/tgm/class-tgm-plugin-activation.php(3173): WP_Upgrader->run(Array)
#4 /home/burak/Local Sites/test/app/public/wp-content/themes/supermarket/inc/tgm/class-tgm-plugin-activation.php(3278): TGMPA_Bulk_Installer->run(Array)
#5 /home/burak/Local Sites/test/app/public/wp-content/themes/supermarket/inc/tgm/class-tgm-plugin-activation.php(2892): TGMPA_Bulk_Installer->bulk_install(Array)
#6 /home/burak/Local Sites/test/app/public/wp-content/themes/supermarket/inc/tgm/class-tgm-plugin-activation.php(658): TGMPA_List_Table->process_bulk_actions()
#7 /home/burak/Local Sites/test/app/public/wp-includes/class-wp-hook.php(324): TGM_Plugin_Activation->install_plugins_page('')
#8 /home/burak/Local Sites/test/app/public/wp-includes/class-wp-hook.php(348): WP_Hook->apply_filters('', Array)
#9 /home/burak/Local Sites/test/app/public/wp-includes/plugin.php(517): WP_Hook->do_action(Array)
#10 /home/burak/Local Sites/test/app/public/wp-admin/admin.php(260): do_action('appearance_page...')
#11 /home/burak/Local Sites/test/app/public/wp-admin/themes.php(10): require_once('/home/burak/Loc...')
#12 {main}
  thrown in /home/burak/Local Sites/test/app/public/wp-admin/includes/class-bulk-upgrader-skin.php on line 208
[12-May-2025 12:08:05 UTC] PHP Fatal error:  Uncaught ArgumentCountError: 3 arguments are required, 2 given in /home/burak/Local Sites/test/app/public/wp-admin/includes/class-bulk-upgrader-skin.php:208
Stack trace:
#0 /home/burak/Local Sites/test/app/public/wp-admin/includes/class-bulk-upgrader-skin.php(208): sprintf('%1$s installed ...', 'YITH WooCommerc...')
#1 /home/burak/Local Sites/test/app/public/wp-content/themes/supermarket/inc/tgm/class-tgm-plugin-activation.php(3553): Bulk_Upgrader_Skin->after('YITH WooCommerc...')
#2 /home/burak/Local Sites/test/app/public/wp-admin/includes/class-wp-upgrader.php(948): TGMPA_Bulk_Installer_Skin->after()
#3 /home/burak/Local Sites/test/app/public/wp-content/themes/supermarket/inc/tgm/class-tgm-plugin-activation.php(3173): WP_Upgrader->run(Array)
#4 /home/burak/Local Sites/test/app/public/wp-content/themes/supermarket/inc/tgm/class-tgm-plugin-activation.php(3278): TGMPA_Bulk_Installer->run(Array)
#5 /home/burak/Local Sites/test/app/public/wp-content/themes/supermarket/inc/tgm/class-tgm-plugin-activation.php(2892): TGMPA_Bulk_Installer->bulk_install(Array)
#6 /home/burak/Local Sites/test/app/public/wp-content/themes/supermarket/inc/tgm/class-tgm-plugin-activation.php(658): TGMPA_List_Table->process_bulk_actions()
#7 /home/burak/Local Sites/test/app/public/wp-includes/class-wp-hook.php(324): TGM_Plugin_Activation->install_plugins_page('')
#8 /home/burak/Local Sites/test/app/public/wp-includes/class-wp-hook.php(348): WP_Hook->apply_filters('', Array)
#9 /home/burak/Local Sites/test/app/public/wp-includes/plugin.php(517): WP_Hook->do_action(Array)
#10 /home/burak/Local Sites/test/app/public/wp-admin/admin.php(260): do_action('appearance_page...')
#11 /home/burak/Local Sites/test/app/public/wp-admin/themes.php(10): require_once('/home/burak/Loc...')
#12 {main}
  thrown in /home/burak/Local Sites/test/app/public/wp-admin/includes/class-bulk-upgrader-skin.php on line 208
[12-May-2025 12:10:08 UTC] PHP Fatal error:  Uncaught ArgumentCountError: 3 arguments are required, 2 given in /home/burak/Local Sites/test/app/public/wp-admin/includes/class-bulk-upgrader-skin.php:208
Stack trace:
#0 /home/burak/Local Sites/test/app/public/wp-admin/includes/class-bulk-upgrader-skin.php(208): sprintf('%1$s installed ...', 'YITH WooCommerc...')
#1 /home/burak/Local Sites/test/app/public/wp-content/themes/supermarket/inc/tgm/class-tgm-plugin-activation.php(3553): Bulk_Upgrader_Skin->after('YITH WooCommerc...')
#2 /home/burak/Local Sites/test/app/public/wp-admin/includes/class-wp-upgrader.php(948): TGMPA_Bulk_Installer_Skin->after()
#3 /home/burak/Local Sites/test/app/public/wp-content/themes/supermarket/inc/tgm/class-tgm-plugin-activation.php(3173): WP_Upgrader->run(Array)
#4 /home/burak/Local Sites/test/app/public/wp-content/themes/supermarket/inc/tgm/class-tgm-plugin-activation.php(3278): TGMPA_Bulk_Installer->run(Array)
#5 /home/burak/Local Sites/test/app/public/wp-content/themes/supermarket/inc/tgm/class-tgm-plugin-activation.php(2892): TGMPA_Bulk_Installer->bulk_install(Array)
#6 /home/burak/Local Sites/test/app/public/wp-content/themes/supermarket/inc/tgm/class-tgm-plugin-activation.php(658): TGMPA_List_Table->process_bulk_actions()
#7 /home/burak/Local Sites/test/app/public/wp-includes/class-wp-hook.php(324): TGM_Plugin_Activation->install_plugins_page('')
#8 /home/burak/Local Sites/test/app/public/wp-includes/class-wp-hook.php(348): WP_Hook->apply_filters('', Array)
#9 /home/burak/Local Sites/test/app/public/wp-includes/plugin.php(517): WP_Hook->do_action(Array)
#10 /home/burak/Local Sites/test/app/public/wp-admin/admin.php(260): do_action('appearance_page...')
#11 /home/burak/Local Sites/test/app/public/wp-admin/themes.php(10): require_once('/home/burak/Loc...')
#12 {main}
  thrown in /home/burak/Local Sites/test/app/public/wp-admin/includes/class-bulk-upgrader-skin.php on line 208
[12-May-2025 12:26:54 UTC] PHP Warning:  Undefined array key "" in /home/burak/Local Sites/test/app/public/wp-content/plugins/woocommerce/src/StoreApi/Utilities/PaymentUtils.php on line 109
[12-May-2025 12:29:15 UTC] PHP Warning:  Array to string conversion in /home/burak/Local Sites/test/app/public/wp-includes/general-template.php on line 5311
[12-May-2025 12:29:15 UTC] PHP Warning:  Array to string conversion in /home/burak/Local Sites/test/app/public/wp-includes/general-template.php on line 5311
[12-May-2025 12:29:15 UTC] PHP Warning:  Array to string conversion in /home/burak/Local Sites/test/app/public/wp-includes/general-template.php on line 5311
[12-May-2025 12:29:15 UTC] PHP Warning:  Array to string conversion in /home/burak/Local Sites/test/app/public/wp-includes/general-template.php on line 5311
[12-May-2025 12:29:15 UTC] PHP Warning:  Array to string conversion in /home/burak/Local Sites/test/app/public/wp-includes/general-template.php on line 5311
[12-May-2025 12:29:15 UTC] PHP Warning:  Array to string conversion in /home/burak/Local Sites/test/app/public/wp-includes/general-template.php on line 5311
[12-May-2025 12:29:15 UTC] PHP Warning:  Array to string conversion in /home/burak/Local Sites/test/app/public/wp-includes/general-template.php on line 5311
[12-May-2025 12:29:15 UTC] PHP Warning:  Array to string conversion in /home/burak/Local Sites/test/app/public/wp-includes/general-template.php on line 5311
[12-May-2025 12:29:15 UTC] PHP Warning:  Array to string conversion in /home/burak/Local Sites/test/app/public/wp-includes/general-template.php on line 5311
[12-May-2025 12:29:15 UTC] PHP Warning:  Array to string conversion in /home/burak/Local Sites/test/app/public/wp-includes/general-template.php on line 5311
[12-May-2025 12:29:15 UTC] PHP Warning:  Array to string conversion in /home/burak/Local Sites/test/app/public/wp-includes/general-template.php on line 5311
[12-May-2025 12:29:15 UTC] PHP Warning:  Array to string conversion in /home/burak/Local Sites/test/app/public/wp-includes/general-template.php on line 5311
[12-May-2025 12:29:15 UTC] PHP Warning:  Array to string conversion in /home/burak/Local Sites/test/app/public/wp-includes/general-template.php on line 5311
[12-May-2025 12:29:15 UTC] PHP Warning:  Array to string conversion in /home/burak/Local Sites/test/app/public/wp-includes/general-template.php on line 5311
[12-May-2025 12:29:15 UTC] PHP Warning:  Array to string conversion in /home/burak/Local Sites/test/app/public/wp-includes/general-template.php on line 5311
[12-May-2025 12:29:15 UTC] PHP Warning:  Array to string conversion in /home/burak/Local Sites/test/app/public/wp-includes/general-template.php on line 5311
[12-May-2025 12:29:15 UTC] PHP Warning:  Array to string conversion in /home/burak/Local Sites/test/app/public/wp-includes/general-template.php on line 5311
[12-May-2025 12:29:15 UTC] PHP Warning:  Array to string conversion in /home/burak/Local Sites/test/app/public/wp-includes/general-template.php on line 5311
[12-May-2025 12:29:15 UTC] PHP Warning:  Array to string conversion in /home/burak/Local Sites/test/app/public/wp-includes/general-template.php on line 5311
[12-May-2025 12:29:15 UTC] PHP Warning:  Array to string conversion in /home/burak/Local Sites/test/app/public/wp-includes/general-template.php on line 5311
[12-May-2025 12:29:15 UTC] PHP Warning:  Array to string conversion in /home/burak/Local Sites/test/app/public/wp-includes/general-template.php on line 5311
[12-May-2025 12:36:03 UTC] PHP Warning:  Array to string conversion in /home/burak/Local Sites/test/app/public/wp-includes/general-template.php on line 5311
[12-May-2025 12:36:03 UTC] PHP Warning:  Array to string conversion in /home/burak/Local Sites/test/app/public/wp-includes/general-template.php on line 5311
[12-May-2025 12:36:03 UTC] PHP Warning:  Array to string conversion in /home/burak/Local Sites/test/app/public/wp-includes/general-template.php on line 5311
[12-May-2025 12:36:03 UTC] PHP Warning:  Array to string conversion in /home/burak/Local Sites/test/app/public/wp-includes/general-template.php on line 5311
[12-May-2025 12:36:03 UTC] PHP Warning:  Array to string conversion in /home/burak/Local Sites/test/app/public/wp-includes/general-template.php on line 5311
[12-May-2025 12:36:03 UTC] PHP Warning:  Array to string conversion in /home/burak/Local Sites/test/app/public/wp-includes/general-template.php on line 5311
[12-May-2025 12:36:03 UTC] PHP Warning:  Array to string conversion in /home/burak/Local Sites/test/app/public/wp-includes/general-template.php on line 5311
[12-May-2025 12:36:03 UTC] PHP Warning:  Array to string conversion in /home/burak/Local Sites/test/app/public/wp-includes/general-template.php on line 5311
[12-May-2025 12:36:03 UTC] PHP Warning:  Array to string conversion in /home/burak/Local Sites/test/app/public/wp-includes/general-template.php on line 5311
[12-May-2025 12:36:03 UTC] PHP Warning:  Array to string conversion in /home/burak/Local Sites/test/app/public/wp-includes/general-template.php on line 5311
[12-May-2025 12:36:03 UTC] PHP Warning:  Array to string conversion in /home/burak/Local Sites/test/app/public/wp-includes/general-template.php on line 5311
[12-May-2025 12:36:03 UTC] PHP Warning:  Array to string conversion in /home/burak/Local Sites/test/app/public/wp-includes/general-template.php on line 5311
[12-May-2025 12:36:03 UTC] PHP Warning:  Array to string conversion in /home/burak/Local Sites/test/app/public/wp-includes/general-template.php on line 5311
[12-May-2025 12:36:03 UTC] PHP Warning:  Array to string conversion in /home/burak/Local Sites/test/app/public/wp-includes/general-template.php on line 5311
[12-May-2025 12:36:03 UTC] PHP Warning:  Array to string conversion in /home/burak/Local Sites/test/app/public/wp-includes/general-template.php on line 5311
[12-May-2025 12:36:03 UTC] PHP Warning:  Array to string conversion in /home/burak/Local Sites/test/app/public/wp-includes/general-template.php on line 5311
[12-May-2025 12:36:03 UTC] PHP Warning:  Array to string conversion in /home/burak/Local Sites/test/app/public/wp-includes/general-template.php on line 5311
[12-May-2025 12:36:03 UTC] PHP Warning:  Array to string conversion in /home/burak/Local Sites/test/app/public/wp-includes/general-template.php on line 5311
[12-May-2025 12:36:03 UTC] PHP Warning:  Array to string conversion in /home/burak/Local Sites/test/app/public/wp-includes/general-template.php on line 5311
[12-May-2025 12:36:03 UTC] PHP Warning:  Array to string conversion in /home/burak/Local Sites/test/app/public/wp-includes/general-template.php on line 5311
[12-May-2025 12:36:03 UTC] PHP Warning:  Array to string conversion in /home/burak/Local Sites/test/app/public/wp-includes/general-template.php on line 5311
[12-May-2025 12:36:03 UTC] PHP Warning:  Array to string conversion in /home/burak/Local Sites/test/app/public/wp-includes/general-template.php on line 5311
[12-May-2025 12:36:03 UTC] PHP Warning:  Array to string conversion in /home/burak/Local Sites/test/app/public/wp-includes/general-template.php on line 5311
[12-May-2025 12:36:03 UTC] PHP Warning:  Array to string conversion in /home/burak/Local Sites/test/app/public/wp-includes/general-template.php on line 5311
[12-May-2025 12:36:03 UTC] PHP Warning:  Array to string conversion in /home/burak/Local Sites/test/app/public/wp-includes/general-template.php on line 5311
[12-May-2025 12:36:03 UTC] PHP Warning:  Array to string conversion in /home/burak/Local Sites/test/app/public/wp-includes/general-template.php on line 5311
[12-May-2025 12:36:03 UTC] PHP Warning:  Array to string conversion in /home/burak/Local Sites/test/app/public/wp-includes/general-template.php on line 5311
[12-May-2025 12:36:03 UTC] PHP Warning:  Array to string conversion in /home/burak/Local Sites/test/app/public/wp-includes/general-template.php on line 5311
[12-May-2025 12:39:02 UTC] PHP Warning:  Undefined array key "" in /home/burak/Local Sites/test/app/public/wp-content/plugins/woocommerce/src/StoreApi/Utilities/PaymentUtils.php on line 109
[12-May-2025 12:39:04 UTC] PHP Warning:  Undefined array key "" in /home/burak/Local Sites/test/app/public/wp-content/plugins/woocommerce/src/StoreApi/Utilities/PaymentUtils.php on line 109
[12-May-2025 12:39:06 UTC] PHP Warning:  Undefined array key "" in /home/burak/Local Sites/test/app/public/wp-content/plugins/woocommerce/src/StoreApi/Utilities/PaymentUtils.php on line 109
[12-May-2025 12:39:09 UTC] PHP Warning:  Undefined array key "" in /home/burak/Local Sites/test/app/public/wp-content/plugins/woocommerce/src/StoreApi/Utilities/PaymentUtils.php on line 109
[12-May-2025 12:39:10 UTC] PHP Warning:  Undefined array key "" in /home/burak/Local Sites/test/app/public/wp-content/plugins/woocommerce/src/StoreApi/Utilities/PaymentUtils.php on line 109
[12-May-2025 12:39:11 UTC] PHP Warning:  Undefined array key "" in /home/burak/Local Sites/test/app/public/wp-content/plugins/woocommerce/src/StoreApi/Utilities/PaymentUtils.php on line 109
[12-May-2025 12:39:23 UTC] PHP Warning:  Undefined array key "" in /home/burak/Local Sites/test/app/public/wp-content/plugins/woocommerce/src/StoreApi/Utilities/PaymentUtils.php on line 109
[12-May-2025 12:39:25 UTC] PHP Warning:  Undefined array key "" in /home/burak/Local Sites/test/app/public/wp-content/plugins/woocommerce/src/StoreApi/Utilities/PaymentUtils.php on line 109
[12-May-2025 12:39:40 UTC] PHP Warning:  Undefined array key "" in /home/burak/Local Sites/test/app/public/wp-content/plugins/woocommerce/src/StoreApi/Utilities/PaymentUtils.php on line 109
[12-May-2025 12:40:41 UTC] PHP Warning:  Array to string conversion in /home/burak/Local Sites/test/app/public/wp-includes/general-template.php on line 5311
[12-May-2025 12:40:41 UTC] PHP Warning:  Array to string conversion in /home/burak/Local Sites/test/app/public/wp-includes/general-template.php on line 5311
[12-May-2025 12:40:41 UTC] PHP Warning:  Array to string conversion in /home/burak/Local Sites/test/app/public/wp-includes/general-template.php on line 5311
[12-May-2025 12:40:41 UTC] PHP Warning:  Array to string conversion in /home/burak/Local Sites/test/app/public/wp-includes/general-template.php on line 5311
[12-May-2025 12:40:41 UTC] PHP Warning:  Array to string conversion in /home/burak/Local Sites/test/app/public/wp-includes/general-template.php on line 5311
[12-May-2025 12:40:41 UTC] PHP Warning:  Array to string conversion in /home/burak/Local Sites/test/app/public/wp-includes/general-template.php on line 5311
[12-May-2025 12:40:41 UTC] PHP Warning:  Array to string conversion in /home/burak/Local Sites/test/app/public/wp-includes/general-template.php on line 5311
[12-May-2025 12:40:41 UTC] PHP Warning:  Array to string conversion in /home/burak/Local Sites/test/app/public/wp-includes/general-template.php on line 5311
[12-May-2025 12:40:41 UTC] PHP Warning:  Array to string conversion in /home/burak/Local Sites/test/app/public/wp-includes/general-template.php on line 5311
[12-May-2025 12:40:41 UTC] PHP Warning:  Array to string conversion in /home/burak/Local Sites/test/app/public/wp-includes/general-template.php on line 5311
[12-May-2025 12:40:41 UTC] PHP Warning:  Array to string conversion in /home/burak/Local Sites/test/app/public/wp-includes/general-template.php on line 5311
[12-May-2025 12:40:41 UTC] PHP Warning:  Array to string conversion in /home/burak/Local Sites/test/app/public/wp-includes/general-template.php on line 5311
[12-May-2025 12:40:41 UTC] PHP Warning:  Array to string conversion in /home/burak/Local Sites/test/app/public/wp-includes/general-template.php on line 5311
[12-May-2025 12:40:41 UTC] PHP Warning:  Array to string conversion in /home/burak/Local Sites/test/app/public/wp-includes/general-template.php on line 5311
[12-May-2025 12:40:41 UTC] PHP Warning:  Array to string conversion in /home/burak/Local Sites/test/app/public/wp-includes/general-template.php on line 5311
[12-May-2025 12:40:41 UTC] PHP Warning:  Array to string conversion in /home/burak/Local Sites/test/app/public/wp-includes/general-template.php on line 5311
[12-May-2025 12:40:41 UTC] PHP Warning:  Array to string conversion in /home/burak/Local Sites/test/app/public/wp-includes/general-template.php on line 5311
[12-May-2025 12:40:41 UTC] PHP Warning:  Array to string conversion in /home/burak/Local Sites/test/app/public/wp-includes/general-template.php on line 5311
[12-May-2025 12:40:41 UTC] PHP Warning:  Array to string conversion in /home/burak/Local Sites/test/app/public/wp-includes/general-template.php on line 5311
[12-May-2025 12:40:41 UTC] PHP Warning:  Array to string conversion in /home/burak/Local Sites/test/app/public/wp-includes/general-template.php on line 5311
[12-May-2025 12:40:41 UTC] PHP Warning:  Array to string conversion in /home/burak/Local Sites/test/app/public/wp-includes/general-template.php on line 5311
[12-May-2025 12:40:41 UTC] PHP Warning:  Array to string conversion in /home/burak/Local Sites/test/app/public/wp-includes/general-template.php on line 5311
[12-May-2025 12:40:41 UTC] PHP Warning:  Array to string conversion in /home/burak/Local Sites/test/app/public/wp-includes/general-template.php on line 5311
[12-May-2025 12:40:41 UTC] PHP Warning:  Array to string conversion in /home/burak/Local Sites/test/app/public/wp-includes/general-template.php on line 5311
[12-May-2025 12:40:41 UTC] PHP Warning:  Array to string conversion in /home/burak/Local Sites/test/app/public/wp-includes/general-template.php on line 5311
[12-May-2025 12:40:41 UTC] PHP Warning:  Array to string conversion in /home/burak/Local Sites/test/app/public/wp-includes/general-template.php on line 5311
[12-May-2025 12:40:41 UTC] PHP Warning:  Array to string conversion in /home/burak/Local Sites/test/app/public/wp-includes/general-template.php on line 5311
[12-May-2025 12:40:41 UTC] PHP Warning:  Array to string conversion in /home/burak/Local Sites/test/app/public/wp-includes/general-template.php on line 5311
[12-May-2025 13:21:59 UTC] PHP Warning:  Array to string conversion in /home/burak/Local Sites/test/app/public/wp-includes/general-template.php on line 5311
[12-May-2025 13:21:59 UTC] PHP Warning:  Array to string conversion in /home/burak/Local Sites/test/app/public/wp-includes/general-template.php on line 5311
[12-May-2025 13:21:59 UTC] PHP Warning:  Array to string conversion in /home/burak/Local Sites/test/app/public/wp-includes/general-template.php on line 5311
[12-May-2025 13:21:59 UTC] PHP Warning:  Array to string conversion in /home/burak/Local Sites/test/app/public/wp-includes/general-template.php on line 5311
[12-May-2025 13:21:59 UTC] PHP Warning:  Array to string conversion in /home/burak/Local Sites/test/app/public/wp-includes/general-template.php on line 5311
[12-May-2025 13:21:59 UTC] PHP Warning:  Array to string conversion in /home/burak/Local Sites/test/app/public/wp-includes/general-template.php on line 5311
[12-May-2025 13:21:59 UTC] PHP Warning:  Array to string conversion in /home/burak/Local Sites/test/app/public/wp-includes/general-template.php on line 5311
[12-May-2025 13:21:59 UTC] PHP Warning:  Array to string conversion in /home/burak/Local Sites/test/app/public/wp-includes/general-template.php on line 5311
[12-May-2025 13:21:59 UTC] PHP Warning:  Array to string conversion in /home/burak/Local Sites/test/app/public/wp-includes/general-template.php on line 5311
[12-May-2025 13:21:59 UTC] PHP Warning:  Array to string conversion in /home/burak/Local Sites/test/app/public/wp-includes/general-template.php on line 5311
[12-May-2025 13:21:59 UTC] PHP Warning:  Array to string conversion in /home/burak/Local Sites/test/app/public/wp-includes/general-template.php on line 5311
[12-May-2025 13:21:59 UTC] PHP Warning:  Array to string conversion in /home/burak/Local Sites/test/app/public/wp-includes/general-template.php on line 5311
[12-May-2025 13:21:59 UTC] PHP Warning:  Array to string conversion in /home/burak/Local Sites/test/app/public/wp-includes/general-template.php on line 5311
[12-May-2025 13:21:59 UTC] PHP Warning:  Array to string conversion in /home/burak/Local Sites/test/app/public/wp-includes/general-template.php on line 5311
[12-May-2025 13:21:59 UTC] PHP Warning:  Array to string conversion in /home/burak/Local Sites/test/app/public/wp-includes/general-template.php on line 5311
[12-May-2025 13:21:59 UTC] PHP Warning:  Array to string conversion in /home/burak/Local Sites/test/app/public/wp-includes/general-template.php on line 5311
[12-May-2025 13:21:59 UTC] PHP Warning:  Array to string conversion in /home/burak/Local Sites/test/app/public/wp-includes/general-template.php on line 5311
[12-May-2025 13:21:59 UTC] PHP Warning:  Array to string conversion in /home/burak/Local Sites/test/app/public/wp-includes/general-template.php on line 5311
[12-May-2025 13:21:59 UTC] PHP Warning:  Array to string conversion in /home/burak/Local Sites/test/app/public/wp-includes/general-template.php on line 5311
[12-May-2025 13:21:59 UTC] PHP Warning:  Array to string conversion in /home/burak/Local Sites/test/app/public/wp-includes/general-template.php on line 5311
[12-May-2025 13:21:59 UTC] PHP Warning:  Array to string conversion in /home/burak/Local Sites/test/app/public/wp-includes/general-template.php on line 5311
[12-May-2025 13:21:59 UTC] PHP Warning:  Array to string conversion in /home/burak/Local Sites/test/app/public/wp-includes/general-template.php on line 5311
[12-May-2025 13:21:59 UTC] PHP Warning:  Array to string conversion in /home/burak/Local Sites/test/app/public/wp-includes/general-template.php on line 5311
[12-May-2025 13:21:59 UTC] PHP Warning:  Array to string conversion in /home/burak/Local Sites/test/app/public/wp-includes/general-template.php on line 5311
[12-May-2025 13:21:59 UTC] PHP Warning:  Array to string conversion in /home/burak/Local Sites/test/app/public/wp-includes/general-template.php on line 5311
[12-May-2025 13:21:59 UTC] PHP Warning:  Array to string conversion in /home/burak/Local Sites/test/app/public/wp-includes/general-template.php on line 5311
[12-May-2025 13:21:59 UTC] PHP Warning:  Array to string conversion in /home/burak/Local Sites/test/app/public/wp-includes/general-template.php on line 5311
[12-May-2025 13:21:59 UTC] PHP Warning:  Array to string conversion in /home/burak/Local Sites/test/app/public/wp-includes/general-template.php on line 5311
[12-May-2025 13:21:59 UTC] PHP Warning:  Array to string conversion in /home/burak/Local Sites/test/app/public/wp-includes/general-template.php on line 5311
[12-May-2025 13:21:59 UTC] PHP Warning:  Array to string conversion in /home/burak/Local Sites/test/app/public/wp-includes/general-template.php on line 5311
[12-May-2025 13:21:59 UTC] PHP Warning:  Array to string conversion in /home/burak/Local Sites/test/app/public/wp-includes/general-template.php on line 5311
[12-May-2025 13:21:59 UTC] PHP Warning:  Array to string conversion in /home/burak/Local Sites/test/app/public/wp-includes/general-template.php on line 5311
[12-May-2025 13:21:59 UTC] PHP Warning:  Array to string conversion in /home/burak/Local Sites/test/app/public/wp-includes/general-template.php on line 5311
[12-May-2025 13:21:59 UTC] PHP Warning:  Array to string conversion in /home/burak/Local Sites/test/app/public/wp-includes/general-template.php on line 5311
[12-May-2025 13:21:59 UTC] PHP Warning:  Array to string conversion in /home/burak/Local Sites/test/app/public/wp-includes/general-template.php on line 5311
[15-May-2025 19:28:50 UTC] PHP Warning:  Undefined array key "container-on" in /home/burak/Local Sites/test/app/public/wp-content/plugins/duracelltomi-google-tag-manager/admin/admin.php on line 653
[15-May-2025 19:28:50 UTC] PHP Warning:  Undefined array key "compat-mode" in /home/burak/Local Sites/test/app/public/wp-content/plugins/duracelltomi-google-tag-manager/admin/admin.php on line 654
[16-May-2025 12:21:11 UTC] PHP Warning:  Array to string conversion in /home/burak/Local Sites/test/app/public/wp-includes/general-template.php on line 5311
[16-May-2025 12:21:11 UTC] PHP Warning:  Array to string conversion in /home/burak/Local Sites/test/app/public/wp-includes/general-template.php on line 5311
[16-May-2025 12:21:11 UTC] PHP Warning:  Array to string conversion in /home/burak/Local Sites/test/app/public/wp-includes/general-template.php on line 5311
[16-May-2025 12:21:11 UTC] PHP Warning:  Array to string conversion in /home/burak/Local Sites/test/app/public/wp-includes/general-template.php on line 5311
[16-May-2025 12:21:11 UTC] PHP Warning:  Array to string conversion in /home/burak/Local Sites/test/app/public/wp-includes/general-template.php on line 5311
[16-May-2025 12:21:11 UTC] PHP Warning:  Array to string conversion in /home/burak/Local Sites/test/app/public/wp-includes/general-template.php on line 5311
[16-May-2025 12:21:11 UTC] PHP Warning:  Array to string conversion in /home/burak/Local Sites/test/app/public/wp-includes/general-template.php on line 5311
[16-May-2025 12:21:11 UTC] PHP Warning:  Array to string conversion in /home/burak/Local Sites/test/app/public/wp-includes/general-template.php on line 5311
[16-May-2025 12:21:11 UTC] PHP Warning:  Array to string conversion in /home/burak/Local Sites/test/app/public/wp-includes/general-template.php on line 5311
[16-May-2025 12:21:11 UTC] PHP Warning:  Array to string conversion in /home/burak/Local Sites/test/app/public/wp-includes/general-template.php on line 5311
[16-May-2025 12:21:11 UTC] PHP Warning:  Array to string conversion in /home/burak/Local Sites/test/app/public/wp-includes/general-template.php on line 5311
[16-May-2025 12:21:11 UTC] PHP Warning:  Array to string conversion in /home/burak/Local Sites/test/app/public/wp-includes/general-template.php on line 5311
[16-May-2025 12:21:11 UTC] PHP Warning:  Array to string conversion in /home/burak/Local Sites/test/app/public/wp-includes/general-template.php on line 5311
[16-May-2025 12:21:11 UTC] PHP Warning:  Array to string conversion in /home/burak/Local Sites/test/app/public/wp-includes/general-template.php on line 5311
[16-May-2025 12:21:11 UTC] PHP Warning:  Array to string conversion in /home/burak/Local Sites/test/app/public/wp-includes/general-template.php on line 5311
[16-May-2025 12:21:11 UTC] PHP Warning:  Array to string conversion in /home/burak/Local Sites/test/app/public/wp-includes/general-template.php on line 5311
[16-May-2025 12:21:11 UTC] PHP Warning:  Array to string conversion in /home/burak/Local Sites/test/app/public/wp-includes/general-template.php on line 5311
[16-May-2025 12:21:11 UTC] PHP Warning:  Array to string conversion in /home/burak/Local Sites/test/app/public/wp-includes/general-template.php on line 5311
[16-May-2025 12:21:11 UTC] PHP Warning:  Array to string conversion in /home/burak/Local Sites/test/app/public/wp-includes/general-template.php on line 5311
[16-May-2025 12:21:11 UTC] PHP Warning:  Array to string conversion in /home/burak/Local Sites/test/app/public/wp-includes/general-template.php on line 5311
[16-May-2025 12:21:11 UTC] PHP Warning:  Array to string conversion in /home/burak/Local Sites/test/app/public/wp-includes/general-template.php on line 5311
[16-May-2025 12:21:11 UTC] PHP Warning:  Array to string conversion in /home/burak/Local Sites/test/app/public/wp-includes/general-template.php on line 5311
[16-May-2025 12:21:11 UTC] PHP Warning:  Array to string conversion in /home/burak/Local Sites/test/app/public/wp-includes/general-template.php on line 5311
[16-May-2025 12:21:11 UTC] PHP Warning:  Array to string conversion in /home/burak/Local Sites/test/app/public/wp-includes/general-template.php on line 5311
[16-May-2025 12:21:11 UTC] PHP Warning:  Array to string conversion in /home/burak/Local Sites/test/app/public/wp-includes/general-template.php on line 5311
[16-May-2025 12:21:11 UTC] PHP Warning:  Array to string conversion in /home/burak/Local Sites/test/app/public/wp-includes/general-template.php on line 5311
[16-May-2025 12:21:11 UTC] PHP Warning:  Array to string conversion in /home/burak/Local Sites/test/app/public/wp-includes/general-template.php on line 5311
[16-May-2025 12:21:11 UTC] PHP Warning:  Array to string conversion in /home/burak/Local Sites/test/app/public/wp-includes/general-template.php on line 5311
[16-May-2025 12:21:11 UTC] PHP Warning:  Array to string conversion in /home/burak/Local Sites/test/app/public/wp-includes/general-template.php on line 5311
[16-May-2025 12:21:11 UTC] PHP Warning:  Array to string conversion in /home/burak/Local Sites/test/app/public/wp-includes/general-template.php on line 5311
[16-May-2025 12:21:11 UTC] PHP Warning:  Array to string conversion in /home/burak/Local Sites/test/app/public/wp-includes/general-template.php on line 5311
[16-May-2025 12:21:11 UTC] PHP Warning:  Array to string conversion in /home/burak/Local Sites/test/app/public/wp-includes/general-template.php on line 5311
[16-May-2025 12:21:11 UTC] PHP Warning:  Array to string conversion in /home/burak/Local Sites/test/app/public/wp-includes/general-template.php on line 5311
[16-May-2025 12:21:11 UTC] PHP Warning:  Array to string conversion in /home/burak/Local Sites/test/app/public/wp-includes/general-template.php on line 5311
[16-May-2025 12:21:11 UTC] PHP Warning:  Array to string conversion in /home/burak/Local Sites/test/app/public/wp-includes/general-template.php on line 5311
[16-May-2025 12:21:11 UTC] PHP Warning:  Array to string conversion in /home/burak/Local Sites/test/app/public/wp-includes/general-template.php on line 5311
[16-May-2025 12:21:11 UTC] PHP Warning:  Array to string conversion in /home/burak/Local Sites/test/app/public/wp-includes/general-template.php on line 5311
[16-May-2025 12:21:11 UTC] PHP Warning:  Array to string conversion in /home/burak/Local Sites/test/app/public/wp-includes/general-template.php on line 5311
[16-May-2025 12:21:11 UTC] PHP Warning:  Array to string conversion in /home/burak/Local Sites/test/app/public/wp-includes/general-template.php on line 5311
[16-May-2025 12:21:11 UTC] PHP Warning:  Array to string conversion in /home/burak/Local Sites/test/app/public/wp-includes/general-template.php on line 5311
[16-May-2025 12:21:11 UTC] PHP Warning:  Array to string conversion in /home/burak/Local Sites/test/app/public/wp-includes/general-template.php on line 5311
[16-May-2025 12:21:11 UTC] PHP Warning:  Array to string conversion in /home/burak/Local Sites/test/app/public/wp-includes/general-template.php on line 5311
[16-May-2025 12:21:11 UTC] PHP Warning:  Array to string conversion in /home/burak/Local Sites/test/app/public/wp-includes/general-template.php on line 5311
[16-May-2025 12:21:11 UTC] PHP Warning:  Array to string conversion in /home/burak/Local Sites/test/app/public/wp-includes/general-template.php on line 5311
[16-May-2025 12:21:11 UTC] PHP Warning:  Array to string conversion in /home/burak/Local Sites/test/app/public/wp-includes/general-template.php on line 5311
[16-May-2025 12:21:11 UTC] PHP Warning:  Array to string conversion in /home/burak/Local Sites/test/app/public/wp-includes/general-template.php on line 5311
[16-May-2025 12:21:11 UTC] PHP Warning:  Array to string conversion in /home/burak/Local Sites/test/app/public/wp-includes/general-template.php on line 5311
[16-May-2025 12:21:11 UTC] PHP Warning:  Array to string conversion in /home/burak/Local Sites/test/app/public/wp-includes/general-template.php on line 5311
[16-May-2025 12:21:11 UTC] PHP Warning:  Array to string conversion in /home/burak/Local Sites/test/app/public/wp-includes/general-template.php on line 5311
[16-May-2025 12:21:11 UTC] PHP Warning:  Array to string conversion in /home/burak/Local Sites/test/app/public/wp-includes/general-template.php on line 5311
[16-May-2025 12:21:11 UTC] PHP Warning:  Array to string conversion in /home/burak/Local Sites/test/app/public/wp-includes/general-template.php on line 5311
[16-May-2025 12:21:11 UTC] PHP Warning:  Array to string conversion in /home/burak/Local Sites/test/app/public/wp-includes/general-template.php on line 5311
[16-May-2025 12:21:11 UTC] PHP Warning:  Array to string conversion in /home/burak/Local Sites/test/app/public/wp-includes/general-template.php on line 5311
[16-May-2025 12:21:11 UTC] PHP Warning:  Array to string conversion in /home/burak/Local Sites/test/app/public/wp-includes/general-template.php on line 5311
[16-May-2025 12:21:11 UTC] PHP Warning:  Array to string conversion in /home/burak/Local Sites/test/app/public/wp-includes/general-template.php on line 5311
[16-May-2025 12:21:11 UTC] PHP Warning:  Array to string conversion in /home/burak/Local Sites/test/app/public/wp-includes/general-template.php on line 5311
[16-May-2025 12:21:11 UTC] PHP Warning:  Array to string conversion in /home/burak/Local Sites/test/app/public/wp-includes/general-template.php on line 5311
[16-May-2025 12:21:11 UTC] PHP Warning:  Array to string conversion in /home/burak/Local Sites/test/app/public/wp-includes/general-template.php on line 5311
[16-May-2025 12:21:11 UTC] PHP Warning:  Array to string conversion in /home/burak/Local Sites/test/app/public/wp-includes/general-template.php on line 5311
[16-May-2025 12:21:11 UTC] PHP Warning:  Array to string conversion in /home/burak/Local Sites/test/app/public/wp-includes/general-template.php on line 5311
[16-May-2025 12:21:11 UTC] PHP Warning:  Array to string conversion in /home/burak/Local Sites/test/app/public/wp-includes/general-template.php on line 5311
[16-May-2025 12:21:11 UTC] PHP Warning:  Array to string conversion in /home/burak/Local Sites/test/app/public/wp-includes/general-template.php on line 5311
[16-May-2025 12:21:11 UTC] PHP Warning:  Array to string conversion in /home/burak/Local Sites/test/app/public/wp-includes/general-template.php on line 5311
[16-May-2025 12:21:11 UTC] PHP Warning:  Array to string conversion in /home/burak/Local Sites/test/app/public/wp-includes/general-template.php on line 5311
[16-May-2025 12:21:11 UTC] PHP Warning:  Array to string conversion in /home/burak/Local Sites/test/app/public/wp-includes/general-template.php on line 5311
[16-May-2025 12:21:11 UTC] PHP Warning:  Array to string conversion in /home/burak/Local Sites/test/app/public/wp-includes/general-template.php on line 5311
[16-May-2025 12:21:11 UTC] PHP Warning:  Array to string conversion in /home/burak/Local Sites/test/app/public/wp-includes/general-template.php on line 5311
[16-May-2025 12:21:11 UTC] PHP Warning:  Array to string conversion in /home/burak/Local Sites/test/app/public/wp-includes/general-template.php on line 5311
[16-May-2025 12:21:11 UTC] PHP Warning:  Array to string conversion in /home/burak/Local Sites/test/app/public/wp-includes/general-template.php on line 5311
[16-May-2025 12:21:11 UTC] PHP Warning:  Array to string conversion in /home/burak/Local Sites/test/app/public/wp-includes/general-template.php on line 5311
[16-May-2025 12:21:11 UTC] PHP Warning:  Array to string conversion in /home/burak/Local Sites/test/app/public/wp-includes/general-template.php on line 5311
[16-May-2025 12:21:11 UTC] PHP Warning:  Array to string conversion in /home/burak/Local Sites/test/app/public/wp-includes/general-template.php on line 5311
[16-May-2025 12:21:11 UTC] PHP Warning:  Array to string conversion in /home/burak/Local Sites/test/app/public/wp-includes/general-template.php on line 5311
[16-May-2025 12:21:11 UTC] PHP Warning:  Array to string conversion in /home/burak/Local Sites/test/app/public/wp-includes/general-template.php on line 5311
[16-May-2025 12:21:11 UTC] PHP Warning:  Array to string conversion in /home/burak/Local Sites/test/app/public/wp-includes/general-template.php on line 5311
[16-May-2025 12:21:11 UTC] PHP Warning:  Array to string conversion in /home/burak/Local Sites/test/app/public/wp-includes/general-template.php on line 5311
[16-May-2025 12:21:11 UTC] PHP Warning:  Array to string conversion in /home/burak/Local Sites/test/app/public/wp-includes/general-template.php on line 5311
[16-May-2025 12:21:11 UTC] PHP Warning:  Array to string conversion in /home/burak/Local Sites/test/app/public/wp-includes/general-template.php on line 5311
[16-May-2025 12:21:11 UTC] PHP Warning:  Array to string conversion in /home/burak/Local Sites/test/app/public/wp-includes/general-template.php on line 5311
[16-May-2025 12:21:11 UTC] PHP Warning:  Array to string conversion in /home/burak/Local Sites/test/app/public/wp-includes/general-template.php on line 5311
[16-May-2025 12:21:11 UTC] PHP Warning:  Array to string conversion in /home/burak/Local Sites/test/app/public/wp-includes/general-template.php on line 5311
[16-May-2025 12:21:11 UTC] PHP Warning:  Array to string conversion in /home/burak/Local Sites/test/app/public/wp-includes/general-template.php on line 5311
[16-May-2025 12:21:11 UTC] PHP Warning:  Array to string conversion in /home/burak/Local Sites/test/app/public/wp-includes/general-template.php on line 5311
[16-May-2025 12:21:11 UTC] PHP Warning:  Array to string conversion in /home/burak/Local Sites/test/app/public/wp-includes/general-template.php on line 5311
[16-May-2025 12:21:11 UTC] PHP Warning:  Array to string conversion in /home/burak/Local Sites/test/app/public/wp-includes/general-template.php on line 5311
[16-May-2025 12:21:11 UTC] PHP Warning:  Array to string conversion in /home/burak/Local Sites/test/app/public/wp-includes/general-template.php on line 5311
[16-May-2025 12:21:11 UTC] PHP Warning:  Array to string conversion in /home/burak/Local Sites/test/app/public/wp-includes/general-template.php on line 5311
[16-May-2025 12:21:11 UTC] PHP Warning:  Array to string conversion in /home/burak/Local Sites/test/app/public/wp-includes/general-template.php on line 5311
[16-May-2025 12:21:11 UTC] PHP Warning:  Array to string conversion in /home/burak/Local Sites/test/app/public/wp-includes/general-template.php on line 5311
[16-May-2025 12:21:11 UTC] PHP Warning:  Array to string conversion in /home/burak/Local Sites/test/app/public/wp-includes/general-template.php on line 5311
[16-May-2025 12:21:11 UTC] PHP Warning:  Array to string conversion in /home/burak/Local Sites/test/app/public/wp-includes/general-template.php on line 5311
[16-May-2025 12:21:11 UTC] PHP Warning:  Array to string conversion in /home/burak/Local Sites/test/app/public/wp-includes/general-template.php on line 5311
[16-May-2025 12:21:11 UTC] PHP Warning:  Array to string conversion in /home/burak/Local Sites/test/app/public/wp-includes/general-template.php on line 5311
[16-May-2025 12:21:11 UTC] PHP Warning:  Array to string conversion in /home/burak/Local Sites/test/app/public/wp-includes/general-template.php on line 5311
[16-May-2025 12:21:11 UTC] PHP Warning:  Array to string conversion in /home/burak/Local Sites/test/app/public/wp-includes/general-template.php on line 5311
[16-May-2025 12:21:11 UTC] PHP Warning:  Array to string conversion in /home/burak/Local Sites/test/app/public/wp-includes/general-template.php on line 5311
[16-May-2025 12:21:11 UTC] PHP Warning:  Array to string conversion in /home/burak/Local Sites/test/app/public/wp-includes/general-template.php on line 5311
[16-May-2025 12:21:11 UTC] PHP Warning:  Array to string conversion in /home/burak/Local Sites/test/app/public/wp-includes/general-template.php on line 5311
[16-May-2025 12:21:11 UTC] PHP Warning:  Array to string conversion in /home/burak/Local Sites/test/app/public/wp-includes/general-template.php on line 5311
[16-May-2025 12:21:11 UTC] PHP Warning:  Array to string conversion in /home/burak/Local Sites/test/app/public/wp-includes/general-template.php on line 5311
[16-May-2025 12:21:11 UTC] PHP Warning:  Array to string conversion in /home/burak/Local Sites/test/app/public/wp-includes/general-template.php on line 5311
[16-May-2025 12:21:11 UTC] PHP Warning:  Array to string conversion in /home/burak/Local Sites/test/app/public/wp-includes/general-template.php on line 5311
[16-May-2025 12:21:11 UTC] PHP Warning:  Array to string conversion in /home/burak/Local Sites/test/app/public/wp-includes/general-template.php on line 5311
[16-May-2025 12:21:11 UTC] PHP Warning:  Array to string conversion in /home/burak/Local Sites/test/app/public/wp-includes/general-template.php on line 5311
[16-May-2025 12:21:11 UTC] PHP Warning:  Array to string conversion in /home/burak/Local Sites/test/app/public/wp-includes/general-template.php on line 5311
[16-May-2025 12:21:11 UTC] PHP Warning:  Array to string conversion in /home/burak/Local Sites/test/app/public/wp-includes/general-template.php on line 5311
[16-May-2025 12:21:11 UTC] PHP Warning:  Array to string conversion in /home/burak/Local Sites/test/app/public/wp-includes/general-template.php on line 5311
[16-May-2025 12:21:11 UTC] PHP Warning:  Array to string conversion in /home/burak/Local Sites/test/app/public/wp-includes/general-template.php on line 5311
[16-May-2025 12:21:11 UTC] PHP Warning:  Array to string conversion in /home/burak/Local Sites/test/app/public/wp-includes/general-template.php on line 5311
[16-May-2025 12:21:11 UTC] PHP Warning:  Array to string conversion in /home/burak/Local Sites/test/app/public/wp-includes/general-template.php on line 5311
[16-May-2025 12:21:11 UTC] PHP Warning:  Array to string conversion in /home/burak/Local Sites/test/app/public/wp-includes/general-template.php on line 5311
[16-May-2025 12:21:11 UTC] PHP Warning:  Array to string conversion in /home/burak/Local Sites/test/app/public/wp-includes/general-template.php on line 5311
[16-May-2025 12:21:11 UTC] PHP Warning:  Array to string conversion in /home/burak/Local Sites/test/app/public/wp-includes/general-template.php on line 5311
[16-May-2025 12:21:11 UTC] PHP Warning:  Array to string conversion in /home/burak/Local Sites/test/app/public/wp-includes/general-template.php on line 5311
[16-May-2025 12:21:11 UTC] PHP Warning:  Array to string conversion in /home/burak/Local Sites/test/app/public/wp-includes/general-template.php on line 5311
[16-May-2025 12:21:11 UTC] PHP Warning:  Array to string conversion in /home/burak/Local Sites/test/app/public/wp-includes/general-template.php on line 5311
[16-May-2025 12:21:11 UTC] PHP Warning:  Array to string conversion in /home/burak/Local Sites/test/app/public/wp-includes/general-template.php on line 5311
[16-May-2025 12:21:11 UTC] PHP Warning:  Array to string conversion in /home/burak/Local Sites/test/app/public/wp-includes/general-template.php on line 5311
[16-May-2025 12:21:11 UTC] PHP Warning:  Array to string conversion in /home/burak/Local Sites/test/app/public/wp-includes/general-template.php on line 5311
[16-May-2025 12:21:11 UTC] PHP Warning:  Array to string conversion in /home/burak/Local Sites/test/app/public/wp-includes/general-template.php on line 5311
[16-May-2025 12:21:11 UTC] PHP Warning:  Array to string conversion in /home/burak/Local Sites/test/app/public/wp-includes/general-template.php on line 5311
[16-May-2025 12:21:11 UTC] PHP Warning:  Array to string conversion in /home/burak/Local Sites/test/app/public/wp-includes/general-template.php on line 5311
[16-May-2025 12:21:11 UTC] PHP Warning:  Array to string conversion in /home/burak/Local Sites/test/app/public/wp-includes/general-template.php on line 5311
[16-May-2025 12:21:11 UTC] PHP Warning:  Array to string conversion in /home/burak/Local Sites/test/app/public/wp-includes/general-template.php on line 5311
[16-May-2025 12:21:11 UTC] PHP Warning:  Array to string conversion in /home/burak/Local Sites/test/app/public/wp-includes/general-template.php on line 5311
[16-May-2025 12:21:11 UTC] PHP Warning:  Array to string conversion in /home/burak/Local Sites/test/app/public/wp-includes/general-template.php on line 5311
[16-May-2025 12:21:11 UTC] PHP Warning:  Array to string conversion in /home/burak/Local Sites/test/app/public/wp-includes/general-template.php on line 5311
[16-May-2025 12:21:11 UTC] PHP Warning:  Array to string conversion in /home/burak/Local Sites/test/app/public/wp-includes/general-template.php on line 5311
[16-May-2025 12:21:11 UTC] PHP Warning:  Array to string conversion in /home/burak/Local Sites/test/app/public/wp-includes/general-template.php on line 5311
[16-May-2025 12:21:11 UTC] PHP Warning:  Array to string conversion in /home/burak/Local Sites/test/app/public/wp-includes/general-template.php on line 5311
[16-May-2025 12:21:11 UTC] PHP Warning:  Array to string conversion in /home/burak/Local Sites/test/app/public/wp-includes/general-template.php on line 5311
[16-May-2025 12:21:11 UTC] PHP Warning:  Array to string conversion in /home/burak/Local Sites/test/app/public/wp-includes/general-template.php on line 5311
[16-May-2025 12:21:11 UTC] PHP Warning:  Array to string conversion in /home/burak/Local Sites/test/app/public/wp-includes/general-template.php on line 5311
[16-May-2025 12:21:11 UTC] PHP Warning:  Array to string conversion in /home/burak/Local Sites/test/app/public/wp-includes/general-template.php on line 5311
[16-May-2025 12:21:11 UTC] PHP Warning:  Array to string conversion in /home/burak/Local Sites/test/app/public/wp-includes/general-template.php on line 5311
[16-May-2025 12:21:11 UTC] PHP Warning:  Array to string conversion in /home/burak/Local Sites/test/app/public/wp-includes/general-template.php on line 5311
[16-May-2025 12:21:11 UTC] PHP Warning:  Array to string conversion in /home/burak/Local Sites/test/app/public/wp-includes/general-template.php on line 5311
[16-May-2025 12:21:11 UTC] PHP Warning:  Array to string conversion in /home/burak/Local Sites/test/app/public/wp-includes/general-template.php on line 5311
[16-May-2025 12:21:11 UTC] PHP Warning:  Array to string conversion in /home/burak/Local Sites/test/app/public/wp-includes/general-template.php on line 5311
[16-May-2025 12:21:11 UTC] PHP Warning:  Array to string conversion in /home/burak/Local Sites/test/app/public/wp-includes/general-template.php on line 5311
[16-May-2025 12:21:11 UTC] PHP Warning:  Array to string conversion in /home/burak/Local Sites/test/app/public/wp-includes/general-template.php on line 5311
[16-May-2025 12:24:15 UTC] PHP Warning:  Undefined property: stdClass::$id in /home/burak/Local Sites/test/app/public/wp-includes/rest-api/endpoints/class-wp-rest-posts-controller.php on line 755
[16-May-2025 12:24:15 UTC] PHP Warning:  Undefined property: stdClass::$post_parent in /home/burak/Local Sites/test/app/public/wp-includes/rest-api/endpoints/class-wp-rest-posts-controller.php on line 758
[19-May-2025 15:01:51 UTC] PHP Parse error:  syntax error, unexpected variable "$data_layer" in /home/burak/Local Sites/test/app/public/wp-content/plugins/duracelltomi-google-tag-manager/integration/woocommerce.php on line 487
[21-May-2025 11:10:12 UTC] PHP Parse error:  Invalid indentation - tabs and spaces cannot be mixed in /home/burak/Local Sites/test/app/public/wp-content/themes/nas-organic-food-store/functions.php on line 21
[21-May-2025 11:10:13 UTC] PHP Parse error:  Invalid indentation - tabs and spaces cannot be mixed in /home/burak/Local Sites/test/app/public/wp-content/themes/nas-organic-food-store/functions.php on line 21
[21-May-2025 11:10:19 UTC] PHP Parse error:  Invalid indentation - tabs and spaces cannot be mixed in /home/burak/Local Sites/test/app/public/wp-content/themes/nas-organic-food-store/functions.php on line 21
[21-May-2025 11:10:19 UTC] PHP Warning:  Trying to access array offset on value of type bool in /home/burak/Local Sites/test/app/public/wp-includes/class-wp-recovery-mode-email-service.php on line 367
[21-May-2025 11:10:19 UTC] PHP Warning:  Trying to access array offset on value of type bool in /home/burak/Local Sites/test/app/public/wp-includes/class-wp-recovery-mode-email-service.php on line 368
[22-May-2025 13:43:57 UTC] PHP Warning:  Undefined array key "image" in /home/burak/Local Sites/test/app/public/wp-content/plugins/duracelltomi-google-tag-manager/integration/woocommerce.php on line 579
[22-May-2025 13:43:57 UTC] PHP Warning:  Undefined array key "size" in /home/burak/Local Sites/test/app/public/wp-content/plugins/duracelltomi-google-tag-manager/integration/woocommerce.php on line 580
[22-May-2025 13:43:57 UTC] PHP Warning:  Undefined array key "color" in /home/burak/Local Sites/test/app/public/wp-content/plugins/duracelltomi-google-tag-manager/integration/woocommerce.php on line 581
[22-May-2025 13:43:57 UTC] PHP Warning:  Undefined array key "url" in /home/burak/Local Sites/test/app/public/wp-content/plugins/duracelltomi-google-tag-manager/integration/woocommerce.php on line 582
[22-May-2025 13:43:57 UTC] PHP Warning:  Undefined array key "image" in /home/burak/Local Sites/test/app/public/wp-content/plugins/duracelltomi-google-tag-manager/integration/woocommerce.php on line 579
[22-May-2025 13:43:57 UTC] PHP Warning:  Undefined array key "size" in /home/burak/Local Sites/test/app/public/wp-content/plugins/duracelltomi-google-tag-manager/integration/woocommerce.php on line 580
[22-May-2025 13:43:57 UTC] PHP Warning:  Undefined array key "color" in /home/burak/Local Sites/test/app/public/wp-content/plugins/duracelltomi-google-tag-manager/integration/woocommerce.php on line 581
[22-May-2025 13:43:57 UTC] PHP Warning:  Undefined array key "url" in /home/burak/Local Sites/test/app/public/wp-content/plugins/duracelltomi-google-tag-manager/integration/woocommerce.php on line 582
[22-May-2025 13:46:54 UTC] PHP Warning:  Undefined array key "image" in /home/burak/Local Sites/test/app/public/wp-content/plugins/duracelltomi-google-tag-manager/integration/woocommerce.php on line 573
[22-May-2025 13:46:54 UTC] PHP Warning:  Undefined array key "size" in /home/burak/Local Sites/test/app/public/wp-content/plugins/duracelltomi-google-tag-manager/integration/woocommerce.php on line 574
[22-May-2025 13:46:54 UTC] PHP Warning:  Undefined array key "color" in /home/burak/Local Sites/test/app/public/wp-content/plugins/duracelltomi-google-tag-manager/integration/woocommerce.php on line 575
[22-May-2025 13:46:54 UTC] PHP Warning:  Undefined array key "url" in /home/burak/Local Sites/test/app/public/wp-content/plugins/duracelltomi-google-tag-manager/integration/woocommerce.php on line 576
[22-May-2025 13:46:54 UTC] PHP Warning:  Undefined array key "image" in /home/burak/Local Sites/test/app/public/wp-content/plugins/duracelltomi-google-tag-manager/integration/woocommerce.php on line 573
[22-May-2025 13:46:54 UTC] PHP Warning:  Undefined array key "size" in /home/burak/Local Sites/test/app/public/wp-content/plugins/duracelltomi-google-tag-manager/integration/woocommerce.php on line 574
[22-May-2025 13:46:54 UTC] PHP Warning:  Undefined array key "color" in /home/burak/Local Sites/test/app/public/wp-content/plugins/duracelltomi-google-tag-manager/integration/woocommerce.php on line 575
[22-May-2025 13:46:54 UTC] PHP Warning:  Undefined array key "url" in /home/burak/Local Sites/test/app/public/wp-content/plugins/duracelltomi-google-tag-manager/integration/woocommerce.php on line 576
[22-May-2025 13:47:38 UTC] PHP Warning:  Undefined array key "image" in /home/burak/Local Sites/test/app/public/wp-content/plugins/duracelltomi-google-tag-manager/integration/woocommerce.php on line 579
[22-May-2025 13:47:38 UTC] PHP Warning:  Undefined array key "size" in /home/burak/Local Sites/test/app/public/wp-content/plugins/duracelltomi-google-tag-manager/integration/woocommerce.php on line 580
[22-May-2025 13:47:38 UTC] PHP Warning:  Undefined array key "color" in /home/burak/Local Sites/test/app/public/wp-content/plugins/duracelltomi-google-tag-manager/integration/woocommerce.php on line 581
[22-May-2025 13:47:38 UTC] PHP Warning:  Undefined array key "url" in /home/burak/Local Sites/test/app/public/wp-content/plugins/duracelltomi-google-tag-manager/integration/woocommerce.php on line 582
[22-May-2025 13:47:38 UTC] PHP Warning:  Undefined array key "image" in /home/burak/Local Sites/test/app/public/wp-content/plugins/duracelltomi-google-tag-manager/integration/woocommerce.php on line 579
[22-May-2025 13:47:38 UTC] PHP Warning:  Undefined array key "size" in /home/burak/Local Sites/test/app/public/wp-content/plugins/duracelltomi-google-tag-manager/integration/woocommerce.php on line 580
[22-May-2025 13:47:38 UTC] PHP Warning:  Undefined array key "color" in /home/burak/Local Sites/test/app/public/wp-content/plugins/duracelltomi-google-tag-manager/integration/woocommerce.php on line 581
[22-May-2025 13:47:38 UTC] PHP Warning:  Undefined array key "url" in /home/burak/Local Sites/test/app/public/wp-content/plugins/duracelltomi-google-tag-manager/integration/woocommerce.php on line 582
[22-May-2025 18:34:19 UTC] PHP Warning:  Undefined array key "image" in /home/burak/Local Sites/test/app/public/wp-content/plugins/duracelltomi-google-tag-manager/integration/woocommerce.php on line 600
[22-May-2025 18:34:19 UTC] PHP Warning:  Undefined array key "size" in /home/burak/Local Sites/test/app/public/wp-content/plugins/duracelltomi-google-tag-manager/integration/woocommerce.php on line 601
[22-May-2025 18:34:19 UTC] PHP Warning:  Undefined array key "color" in /home/burak/Local Sites/test/app/public/wp-content/plugins/duracelltomi-google-tag-manager/integration/woocommerce.php on line 602
[22-May-2025 18:34:19 UTC] PHP Warning:  Undefined array key "url" in /home/burak/Local Sites/test/app/public/wp-content/plugins/duracelltomi-google-tag-manager/integration/woocommerce.php on line 603
[22-May-2025 18:34:19 UTC] PHP Warning:  Undefined array key "image" in /home/burak/Local Sites/test/app/public/wp-content/plugins/duracelltomi-google-tag-manager/integration/woocommerce.php on line 600
[22-May-2025 18:34:19 UTC] PHP Warning:  Undefined array key "size" in /home/burak/Local Sites/test/app/public/wp-content/plugins/duracelltomi-google-tag-manager/integration/woocommerce.php on line 601
[22-May-2025 18:34:19 UTC] PHP Warning:  Undefined array key "color" in /home/burak/Local Sites/test/app/public/wp-content/plugins/duracelltomi-google-tag-manager/integration/woocommerce.php on line 602
[22-May-2025 18:34:19 UTC] PHP Warning:  Undefined array key "url" in /home/burak/Local Sites/test/app/public/wp-content/plugins/duracelltomi-google-tag-manager/integration/woocommerce.php on line 603
[22-May-2025 20:32:00 UTC] PHP Fatal error:  Uncaught TypeError: Unsupported operand types: int + string in /home/burak/Local Sites/test/app/public/wp-content/plugins/duracelltomi-google-tag-manager/integration/woocommerce.php:93
Stack trace:
#0 /home/burak/Local Sites/test/app/public/wp-content/plugins/duracelltomi-google-tag-manager/integration/woocommerce.php(913): gtm4wp_woocommerce_process_product(Object(WC_Product_Variation), Array, 'cart')
#1 /home/burak/Local Sites/test/app/public/wp-includes/class-wp-hook.php(326): gtm4wp_woocommerce_cart_item_product_filter(Object(WC_Product_Variation))
#2 /home/burak/Local Sites/test/app/public/wp-includes/plugin.php(205): WP_Hook->apply_filters(Object(WC_Product_Variation), Array)
#3 /home/burak/Local Sites/test/app/public/wp-content/plugins/duracelltomi-google-tag-manager/integration/woocommerce.php(447): apply_filters('woocommerce_car...', Object(WC_Product_Variation), Array, '702eefc3889b355...')
#4 /home/burak/Local Sites/test/app/public/wp-includes/class-wp-hook.php(324): gtm4wp_woocommerce_datalayer_filter_items(Array)
#5 /home/burak/Local Sites/test/app/public/wp-includes/plugin.php(205): WP_Hook->apply_filters(Array, Array)
#6 /home/burak/Local Sites/test/app/public/wp-content/plugins/duracelltomi-google-tag-manager/public/frontend.php(1091): apply_filters('gtm4wp_compile_...', Array)
#7 /home/burak/Local Sites/test/app/public/wp-includes/class-wp-hook.php(322): gtm4wp_wp_header_begin()
#8 /home/burak/Local Sites/test/app/public/wp-includes/class-wp-hook.php(348): WP_Hook->apply_filters(NULL, Array)
#9 /home/burak/Local Sites/test/app/public/wp-includes/plugin.php(517): WP_Hook->do_action(Array)
#10 /home/burak/Local Sites/test/app/public/wp-includes/general-template.php(3192): do_action('wp_head')
#11 /home/burak/Local Sites/test/app/public/wp-includes/template-canvas.php(17): wp_head()
#12 /home/burak/Local Sites/test/app/public/wp-includes/template-loader.php(106): include('/home/burak/Loc...')
#13 /home/burak/Local Sites/test/app/public/wp-blog-header.php(19): require_once('/home/burak/Loc...')
#14 /home/burak/Local Sites/test/app/public/index.php(17): require('/home/burak/Loc...')
#15 {main}
  thrown in /home/burak/Local Sites/test/app/public/wp-content/plugins/duracelltomi-google-tag-manager/integration/woocommerce.php on line 93
[25-May-2025 21:05:23 UTC] The WC_Product::get_variation_id function is deprecated since version 3.0. Replace with WC_Product::get_id(). It will always be the variation ID if this is a variation..
[25-May-2025 21:05:58 UTC] The WC_Product::get_variation_id function is deprecated since version 3.0. Replace with WC_Product::get_id(). It will always be the variation ID if this is a variation..
[29-May-2025 08:35:09 UTC] Cron reschedule event error for hook: action_scheduler_run_queue, Error code: could_not_set, Error message: The cron event list could not be saved., Data: {"schedule":"every_minute","args":["WP Cron"],"interval":60}
